2024.02.22 20:18:11 INFO  es[][o.e.n.Node] version[8.11.0], pid[2916], build[tar/d9ec3fa628c7b0ba3d25692e277ba26814820b20/2023-11-04T10:04:57.184859352Z], OS[Windows 11/10.0/amd64], JVM[Oracle Corporation/Java HotSpot(TM) 64-Bit Server VM/17.0.10/17.0.10+11-LTS-240]
2024.02.22 20:18:11 INFO  es[][o.e.n.Node] JVM home [C:\Program Files\Java\jdk-17], using bundled JDK [false]
2024.02.22 20:18:11 INFO  es[][o.e.n.Node] JVM arguments [-Des.networkaddress.cache.ttl=60, -Des.networkaddress.cache.negative.ttl=10, -Djava.security.manager=allow, -XX:+AlwaysPreTouch, -Xss1m, -Djava.awt.headless=true, -Dfile.encoding=UTF-8, -Djna.nosys=true, -XX:-OmitStackTraceInFastThrow, -Dio.netty.noUnsafe=true, -Dio.netty.noKeySetOptimization=true, -Dio.netty.recycler.maxCapacityPerThread=0, -Dlog4j.shutdownHookEnabled=false, -Dlog4j2.disable.jmx=true, -Dlog4j2.formatMsgNoLookups=true, -Djava.locale.providers=SPI,COMPAT, --add-opens=java.base/java.io=org.elasticsearch.preallocate, -XX:+UseG1GC, -Djava.io.tmpdir=C:\Users\magno\Desktop\CapstoneProject\sonarqube-10.4.0.87286\sonarqube\temp, -XX:ErrorFile=C:\Users\magno\Desktop\CapstoneProject\sonarqube-10.4.0.87286\sonarqube\logs\es_hs_err_pid%p.log, -Xlog:disable, -Des.networkaddress.cache.ttl=60, -Des.networkaddress.cache.negative.ttl=10, -XX:+AlwaysPreTouch, -Xss1m, -Djava.awt.headless=true, -Dfile.encoding=UTF-8, -Djna.nosys=true, -Djna.tmpdir=C:\Users\magno\Desktop\CapstoneProject\sonarqube-10.4.0.87286\sonarqube\temp, -XX:-OmitStackTraceInFastThrow, -Dio.netty.noUnsafe=true, -Dio.netty.noKeySetOptimization=true, -Dio.netty.recycler.maxCapacityPerThread=0, -Dio.netty.allocator.numDirectArenas=0, -Dlog4j.shutdownHookEnabled=false, -Dlog4j2.disable.jmx=true, -Dlog4j2.formatMsgNoLookups=true, -Djava.locale.providers=COMPAT, -Dcom.redhat.fips=false, -Xmx512m, -Xms512m, -XX:MaxDirectMemorySize=256m, -XX:+HeapDumpOnOutOfMemoryError, -XX:G1HeapRegionSize=4m, -XX:InitiatingHeapOccupancyPercent=30, -XX:G1ReservePercent=15, -Des.distribution.type=tar, --module-path=C:\Users\magno\Desktop\CapstoneProject\sonarqube-10.4.0.87286\sonarqube\elasticsearch\lib, --add-modules=jdk.net, --add-modules=ALL-MODULE-PATH, -Djdk.module.main=org.elasticsearch.server]
2024.02.22 20:18:12 INFO  es[][o.e.p.PluginsService] loaded module [lang-painless]
2024.02.22 20:18:12 INFO  es[][o.e.p.PluginsService] loaded module [x-pack-core]
2024.02.22 20:18:12 INFO  es[][o.e.p.PluginsService] loaded module [old-lucene-versions]
2024.02.22 20:18:12 INFO  es[][o.e.p.PluginsService] loaded module [parent-join]
2024.02.22 20:18:12 INFO  es[][o.e.p.PluginsService] loaded module [rest-root]
2024.02.22 20:18:12 INFO  es[][o.e.p.PluginsService] loaded module [reindex]
2024.02.22 20:18:12 INFO  es[][o.e.p.PluginsService] loaded module [x-pack-redact]
2024.02.22 20:18:12 INFO  es[][o.e.p.PluginsService] loaded module [analysis-common]
2024.02.22 20:18:12 INFO  es[][o.e.p.PluginsService] loaded module [x-pack-security]
2024.02.22 20:18:12 INFO  es[][o.e.p.PluginsService] loaded module [transport-netty4]
2024.02.22 20:18:12 INFO  es[][o.e.p.PluginsService] loaded module [aggregations]
2024.02.22 20:18:12 INFO  es[][o.e.p.PluginsService] loaded module [apm]
2024.02.22 20:18:14 INFO  es[][o.e.e.NodeEnvironment] using [1] data paths, mounts [[Windows (C:)]], net usable_space [358.5gb], net total_space [928.7gb], types [NTFS]
2024.02.22 20:18:14 INFO  es[][o.e.e.NodeEnvironment] heap size [512mb], compressed ordinary object pointers [true]
2024.02.22 20:18:14 INFO  es[][o.e.n.Node] node name [sonarqube], node ID [aKt5Kf9gRLqTcPISidlL3A], cluster name [sonarqube], roles [ml, data_hot, transform, data_content, data_warm, master, remote_cluster_client, data, data_cold, ingest, data_frozen]
2024.02.22 20:18:15 INFO  es[][o.e.x.s.Security] Security is disabled
2024.02.22 20:18:15 INFO  es[][o.e.t.n.NettyAllocator] creating NettyAllocator with the following configs: [name=unpooled, suggested_max_allocation_size=1mb, factors={es.unsafe.use_unpooled_allocator=null, g1gc_enabled=true, g1gc_region_size=4mb, heap_size=512mb}]
2024.02.22 20:18:15 INFO  es[][o.e.i.r.RecoverySettings] using rate limit [40mb] with [default=40mb, read=0b, write=0b, max=0b]
2024.02.22 20:18:15 INFO  es[][o.e.d.DiscoveryModule] using discovery type [single-node] and seed hosts providers [settings]
2024.02.22 20:18:16 INFO  es[][o.e.n.Node] initialized
2024.02.22 20:18:16 INFO  es[][o.e.n.Node] starting ...
2024.02.22 20:18:16 INFO  es[][o.e.t.TransportService] publish_address {127.0.0.1:55268}, bound_addresses {127.0.0.1:55268}
2024.02.22 20:18:16 INFO  es[][o.e.c.c.ClusterBootstrapService] this node has not joined a bootstrapped cluster yet; [cluster.initial_master_nodes] is set to [sonarqube]
2024.02.22 20:18:16 INFO  es[][o.e.c.c.Coordinator] setting initial configuration to VotingConfiguration{aKt5Kf9gRLqTcPISidlL3A}
2024.02.22 20:18:16 INFO  es[][o.e.c.s.MasterService] elected-as-master ([1] nodes joined in term 1)[_FINISH_ELECTION_, {sonarqube}{aKt5Kf9gRLqTcPISidlL3A}{EHDXr316TcGFi41xnGliUQ}{sonarqube}{127.0.0.1}{127.0.0.1:55268}{cdfhilmrstw}{8.11.0}{7000099-8500003} completing election], term: 1, version: 1, delta: master node changed {previous [], current [{sonarqube}{aKt5Kf9gRLqTcPISidlL3A}{EHDXr316TcGFi41xnGliUQ}{sonarqube}{127.0.0.1}{127.0.0.1:55268}{cdfhilmrstw}{8.11.0}{7000099-8500003}]}
2024.02.22 20:18:16 INFO  es[][o.e.c.c.CoordinationState] cluster UUID set to [ACXdlUzhRAKbAae17vJq2Q]
2024.02.22 20:18:16 INFO  es[][o.e.c.s.ClusterApplierService] master node changed {previous [], current [{sonarqube}{aKt5Kf9gRLqTcPISidlL3A}{EHDXr316TcGFi41xnGliUQ}{sonarqube}{127.0.0.1}{127.0.0.1:55268}{cdfhilmrstw}{8.11.0}{7000099-8500003}]}, term: 1, version: 1, reason: Publication{term=1, version=1}
2024.02.22 20:18:16 INFO  es[][o.e.c.f.AbstractFileWatchingService] starting file watcher ...
2024.02.22 20:18:16 INFO  es[][o.e.c.f.AbstractFileWatchingService] file settings service up and running [tid=39]
2024.02.22 20:18:16 INFO  es[][o.e.h.AbstractHttpServerTransport] publish_address {127.0.0.1:9001}, bound_addresses {127.0.0.1:9001}
2024.02.22 20:18:16 INFO  es[][o.e.n.Node] started {sonarqube}{aKt5Kf9gRLqTcPISidlL3A}{EHDXr316TcGFi41xnGliUQ}{sonarqube}{127.0.0.1}{127.0.0.1:55268}{cdfhilmrstw}{8.11.0}{7000099-8500003}{xpack.installed=true, rack_id=sonarqube}
2024.02.22 20:18:16 INFO  es[][o.e.c.c.NodeJoinExecutor] node-join: [{sonarqube}{aKt5Kf9gRLqTcPISidlL3A}{EHDXr316TcGFi41xnGliUQ}{sonarqube}{127.0.0.1}{127.0.0.1:55268}{cdfhilmrstw}{8.11.0}{7000099-8500003}] with reason [completing election]
2024.02.22 20:18:16 INFO  es[][o.e.g.GatewayService] recovered [0] indices into cluster_state
2024.02.22 20:18:16 INFO  es[][o.e.h.n.s.HealthNodeTaskExecutor] Node [{sonarqube}{aKt5Kf9gRLqTcPISidlL3A}] is selected as the current health node.
2024.02.22 20:18:16 INFO  es[][o.e.l.ClusterStateLicenseService] license [f9630e81-72fc-4ba2-8490-c5bd0231538f] mode [basic] - valid
2024.02.22 20:18:25 INFO  es[][o.e.c.m.MetadataCreateIndexService] [metadatas] creating index, cause [api], templates [], shards [1]/[0]
2024.02.22 20:18:25 INFO  es[][o.e.i.m.MapperService] reloading search analyzers
2024.02.22 20:18:25 INFO  es[][o.e.c.r.a.AllocationService] current.health="GREEN" message="Cluster health status changed from [YELLOW] to [GREEN] (reason: [shards started [[metadatas][0]]])." previous.health="YELLOW" reason="shards started [[metadatas][0]]"
2024.02.22 20:18:26 INFO  es[][o.e.c.m.MetadataMappingService] [metadatas/M0viMLS9RGymyenn-JXtUg] create_mapping
2024.02.22 20:18:26 INFO  es[][o.e.c.m.MetadataCreateIndexService] [components] creating index, cause [api], templates [], shards [5]/[0]
2024.02.22 20:18:26 INFO  es[][o.e.i.m.MapperService] reloading search analyzers
2024.02.22 20:18:27 INFO  es[][o.e.c.r.a.AllocationService] current.health="GREEN" message="Cluster health status changed from [YELLOW] to [GREEN] (reason: [shards started [[components][4]]])." previous.health="YELLOW" reason="shards started [[components][4]]"
2024.02.22 20:18:27 INFO  es[][o.e.c.m.MetadataMappingService] [components/boiBwMUTRfWnxicibAZ7sA] create_mapping
2024.02.22 20:18:27 INFO  es[][o.e.c.m.MetadataCreateIndexService] [projectmeasures] creating index, cause [api], templates [], shards [5]/[0]
2024.02.22 20:18:27 INFO  es[][o.e.i.m.MapperService] reloading search analyzers
2024.02.22 20:18:28 INFO  es[][o.e.c.r.a.AllocationService] current.health="GREEN" message="Cluster health status changed from [YELLOW] to [GREEN] (reason: [shards started [[projectmeasures][4]]])." previous.health="YELLOW" reason="shards started [[projectmeasures][4]]"
2024.02.22 20:18:28 INFO  es[][o.e.c.m.MetadataMappingService] [projectmeasures/RSGEcnFySGySlnZcHwDUsw] create_mapping
2024.02.22 20:18:28 INFO  es[][o.e.c.m.MetadataCreateIndexService] [rules] creating index, cause [api], templates [], shards [2]/[0]
2024.02.22 20:18:28 INFO  es[][o.e.i.m.MapperService] reloading search analyzers
2024.02.22 20:18:28 INFO  es[][o.e.c.r.a.AllocationService] current.health="GREEN" message="Cluster health status changed from [YELLOW] to [GREEN] (reason: [shards started [[rules][1]]])." previous.health="YELLOW" reason="shards started [[rules][1]]"
2024.02.22 20:18:28 INFO  es[][o.e.c.m.MetadataMappingService] [rules/OWZekgiKQVqTTBjL8NRE-A] create_mapping
2024.02.22 20:18:28 INFO  es[][o.e.c.m.MetadataCreateIndexService] [issues] creating index, cause [api], templates [], shards [5]/[0]
2024.02.22 20:18:29 INFO  es[][o.e.i.m.MapperService] reloading search analyzers
2024.02.22 20:18:29 INFO  es[][o.e.c.r.a.AllocationService] current.health="GREEN" message="Cluster health status changed from [YELLOW] to [GREEN] (reason: [shards started [[issues][4]]])." previous.health="YELLOW" reason="shards started [[issues][4]]"
2024.02.22 20:18:29 INFO  es[][o.e.c.m.MetadataMappingService] [issues/y8R1MDHUSGKU8SdTRn-fUg] create_mapping
2024.02.22 20:18:29 INFO  es[][o.e.c.m.MetadataCreateIndexService] [views] creating index, cause [api], templates [], shards [5]/[0]
2024.02.22 20:18:29 INFO  es[][o.e.i.m.MapperService] reloading search analyzers
2024.02.22 20:18:30 INFO  es[][o.e.c.r.a.AllocationService] current.health="GREEN" message="Cluster health status changed from [YELLOW] to [GREEN] (reason: [shards started [[views][4]]])." previous.health="YELLOW" reason="shards started [[views][4]]"
2024.02.22 20:18:30 INFO  es[][o.e.c.m.MetadataMappingService] [views/4QgqHDnLQ0mxQpha8CiIZg] create_mapping
2024.02.22 20:19:49 INFO  es[][o.e.c.s.IndexScopedSettings] updating [index.refresh_interval] from [30s] to [-1]
2024.02.22 20:19:49 INFO  es[][o.e.c.s.IndexScopedSettings] updating [index.refresh_interval] from [30s] to [-1]
2024.02.22 20:19:49 INFO  es[][o.e.c.s.IndexScopedSettings] updating [index.refresh_interval] from [-1] to [30s]
2024.02.22 20:19:49 INFO  es[][o.e.c.s.IndexScopedSettings] updating [index.refresh_interval] from [-1] to [30s]
2024.02.22 20:26:05 INFO  es[][o.e.n.Node] stopping ...
2024.02.22 20:26:05 INFO  es[][o.e.c.f.AbstractFileWatchingService] shutting down watcher thread
2024.02.22 20:26:05 INFO  es[][o.e.c.f.AbstractFileWatchingService] watcher service stopped
2024.02.22 20:26:05 INFO  es[][o.e.n.Node] stopped
2024.02.22 20:26:05 INFO  es[][o.e.n.Node] closing ...
2024.02.22 20:26:05 INFO  es[][o.e.n.Node] closed
