2024.02.22 20:18:07 INFO  app[][o.s.a.AppFileSystem] Cleaning or creating temp directory C:\Users\magno\Desktop\CapstoneProject\sonarqube-10.4.0.87286\sonarqube\temp
2024.02.22 20:18:07 INFO  app[][o.s.a.es.EsSettings] Elasticsearch listening on [HTTP: 127.0.0.1:9001, TCP: 127.0.0.1:55268]
2024.02.22 20:18:08 INFO  app[][o.s.a.ProcessLauncherImpl] Launch process[ELASTICSEARCH] from [C:\Users\magno\Desktop\CapstoneProject\sonarqube-10.4.0.87286\sonarqube\elasticsearch]: C:\Program Files\Java\jdk-17\bin\java -Xms4m -Xmx64m -XX:+UseSerialGC -Dcli.name=server -Dcli.script=./bin/elasticsearch -Dcli.libs=lib/tools/server-cli -Des.path.home=C:\Users\magno\Desktop\CapstoneProject\sonarqube-10.4.0.87286\sonarqube\elasticsearch -Des.path.conf=C:\Users\magno\Desktop\CapstoneProject\sonarqube-10.4.0.87286\sonarqube\temp\conf\es -Des.distribution.type=tar -cp C:\Users\magno\Desktop\CapstoneProject\sonarqube-10.4.0.87286\sonarqube\elasticsearch\lib\*;C:\Users\magno\Desktop\CapstoneProject\sonarqube-10.4.0.87286\sonarqube\elasticsearch\lib\cli-launcher\* org.elasticsearch.launcher.CliToolLauncher
2024.02.22 20:18:08 INFO  app[][o.s.a.SchedulerImpl] Waiting for Elasticsearch to be up and running
2024.02.22 20:18:16 INFO  app[][o.s.a.SchedulerImpl] Process[es] is up
2024.02.22 20:18:16 INFO  app[][o.s.a.ProcessLauncherImpl] Launch process[WEB_SERVER] from [C:\Users\magno\Desktop\CapstoneProject\sonarqube-10.4.0.87286\sonarqube]: C:\Program Files\Java\jdk-17\bin\java -Djava.awt.headless=true -Dfile.encoding=UTF-8 -Djava.io.tmpdir=C:\Users\magno\Desktop\CapstoneProject\sonarqube-10.4.0.87286\sonarqube\temp -XX:-OmitStackTraceInFastThrow --add-opens=java.base/java.util=ALL-UNNAMED --add-opens=java.base/java.lang=ALL-UNNAMED --add-opens=java.base/java.io=ALL-UNNAMED --add-opens=java.rmi/sun.rmi.transport=ALL-UNNAMED --add-exports=java.base/jdk.internal.ref=ALL-UNNAMED --add-opens=java.base/java.nio=ALL-UNNAMED --add-opens=java.base/sun.nio.ch=ALL-UNNAMED --add-opens=java.management/sun.management=ALL-UNNAMED --add-opens=jdk.management/com.sun.management.internal=ALL-UNNAMED -Dcom.redhat.fips=false -Xmx512m -Xms128m -XX:+HeapDumpOnOutOfMemoryError -Dhttp.nonProxyHosts=localhost|127.*|[::1] -cp ./lib/sonar-application-10.4.0.87286.jar;C:\Users\magno\Desktop\CapstoneProject\sonarqube-10.4.0.87286\sonarqube\lib\jdbc\h2\h2-2.2.224.jar org.sonar.server.app.WebServer C:\Users\magno\Desktop\CapstoneProject\sonarqube-10.4.0.87286\sonarqube\temp\sq-process1694849512863160560properties
2024.02.22 20:19:50 INFO  app[][o.s.a.SchedulerImpl] Process[web] is up
2024.02.22 20:19:50 INFO  app[][o.s.a.ProcessLauncherImpl] Launch process[COMPUTE_ENGINE] from [C:\Users\magno\Desktop\CapstoneProject\sonarqube-10.4.0.87286\sonarqube]: C:\Program Files\Java\jdk-17\bin\java -Djava.awt.headless=true -Dfile.encoding=UTF-8 -Djava.io.tmpdir=C:\Users\magno\Desktop\CapstoneProject\sonarqube-10.4.0.87286\sonarqube\temp -XX:-OmitStackTraceInFastThrow --add-opens=java.base/java.util=ALL-UNNAMED --add-exports=java.base/jdk.internal.ref=ALL-UNNAMED --add-opens=java.base/java.lang=ALL-UNNAMED --add-opens=java.base/java.nio=ALL-UNNAMED --add-opens=java.base/sun.nio.ch=ALL-UNNAMED --add-opens=java.management/sun.management=ALL-UNNAMED --add-opens=jdk.management/com.sun.management.internal=ALL-UNNAMED -Dcom.redhat.fips=false -Xmx512m -Xms128m -XX:+HeapDumpOnOutOfMemoryError -Dhttp.nonProxyHosts=localhost|127.*|[::1] -cp ./lib/sonar-application-10.4.0.87286.jar;C:\Users\magno\Desktop\CapstoneProject\sonarqube-10.4.0.87286\sonarqube\lib\jdbc\h2\h2-2.2.224.jar org.sonar.ce.app.CeServer C:\Users\magno\Desktop\CapstoneProject\sonarqube-10.4.0.87286\sonarqube\temp\sq-process10990299878217791584properties
2024.02.22 20:19:50 WARN  app[][startup] ####################################################################################################################
2024.02.22 20:19:50 WARN  app[][startup] Default Administrator credentials are still being used. Make sure to change the password or deactivate the account.
2024.02.22 20:19:50 WARN  app[][startup] ####################################################################################################################
2024.02.22 20:19:54 INFO  app[][o.s.a.SchedulerImpl] Process[ce] is up
2024.02.22 20:19:54 INFO  app[][o.s.a.SchedulerImpl] SonarQube is operational
2024.02.22 20:26:04 INFO  app[][o.s.a.SchedulerImpl] Stopping SonarQube
2024.02.22 20:26:04 INFO  app[][o.s.a.SchedulerImpl] Sonarqube has been requested to stop
2024.02.22 20:26:04 INFO  app[][o.s.a.SchedulerImpl] Stopping [Compute Engine] process...
2024.02.22 20:26:05 INFO  app[][o.s.a.SchedulerImpl] Process[Compute Engine] is stopped
2024.02.22 20:26:05 INFO  app[][o.s.a.SchedulerImpl] Stopping [Web Server] process...
2024.02.22 20:26:05 INFO  app[][o.s.a.SchedulerImpl] Process[Web Server] is stopped
2024.02.22 20:26:05 INFO  app[][o.s.a.SchedulerImpl] Stopping [ElasticSearch] process...
2024.02.22 20:26:06 INFO  app[][o.s.a.SchedulerImpl] Process[ElasticSearch] is stopped
2024.02.22 20:26:06 INFO  app[][o.s.a.SchedulerImpl] SonarQube is stopped
